[nodemon] starting `ts-node src/backend.ts`
[2025-11-08 07:06:37.349 AM] [] [] [info] [BACKEND] : [CONFIG local] [EXECUTING START SCRIPT...]
[2025-11-08 07:06:37.352 AM] [] [] [info] [CUSTOM_REPLAY_LOOP] : [RUNNING]
[2025-11-08 07:06:37.353 AM] [] [] [info] [ENV_READER] : [LOADING LOCAL CONFIG FROM /home/ubuntu/6529seize-backend/.env.local]
[2025-11-08 07:06:37.357 AM] [] [] [info] [DB] : [DB HOST seize-prod-nova.cluster-cvhmcmzhqmnj.us-east-1.rds.amazonaws.com] [SYNC ENTITIES false]
[2025-11-08 07:06:37.419 AM] [] [] [info] [DB] : [CONNECTION CREATED] [APP DATA SOURCE INITIALIZED]
[2025-11-08 07:06:37.420 AM] [] [] [warn] [REDIS_CLIENT] : Redis is disabled. Please set REDIS_URL environment variable to enable it
[2025-11-08 07:06:37.422 AM] [] [] [info] [CUSTOM_REPLAY_LOOP] : [STARTING REPLAY] Token ID: 412, Contract: 0x33FD426905F149f8376e227d0C9D3340AaD17aF1
[2025-11-08 07:06:37.422 AM] [] [] [info] [CUSTOM_REPLAY_LOOP] : [STEP 1] Fetching subscriptions_nfts_final for token_id 412 and contract 0x33FD426905F149f8376e227d0C9D3340AaD17aF1
[2025-11-08 07:06:37.443 AM] [] [] [info] [CUSTOM_REPLAY_LOOP] : [STEP 1 RESULT] Found 105 subscriptions_nfts_final records
[2025-11-08 07:06:37.443 AM] [] [] [info] [CUSTOM_REPLAY_LOOP] : [STEP 2] Matching subscriptions_nfts_final with transactions for airdrops (from 0x0000000000000000000000000000000000000000)
[2025-11-08 07:06:37.444 AM] [] [] [info] [CUSTOM_REPLAY_LOOP] : [STEP 2] Looking for transactions to 103 unique airdrop addresses
[2025-11-08 07:06:37.451 AM] [] [] [info] [CUSTOM_REPLAY_LOOP] : [STEP 2 RESULT] Found 105 airdrop transactions
[2025-11-08 07:06:37.452 AM] [] [] [info] [CUSTOM_REPLAY_LOOP] : [STEP 2 MAPPING] Created map of 103 airdrop addresses with transactions
[2025-11-08 07:06:37.452 AM] [] [] [info] [CUSTOM_REPLAY_LOOP] : [STEP 3] Fetching all subscriptions_redeemed for token_id 412
[2025-11-08 07:06:37.455 AM] [] [] [info] [CUSTOM_REPLAY_LOOP] : [STEP 3 RESULT] Found 16 subscriptions_redeemed records
[2025-11-08 07:06:37.455 AM] [] [] [info] [CUSTOM_REPLAY_LOOP] : [STEP 4] Matching subscriptions_nfts_final with transactions to subscriptions_redeemed and identifying missing ones
[2025-11-08 07:06:37.455 AM] [] [] [info] [CUSTOM_REPLAY_LOOP] : [STEP 4] Found 105 subscriptions_nfts_final that had airdrop transactions
[2025-11-08 07:06:37.456 AM] [] [] [info] [CUSTOM_REPLAY_LOOP] : [STEP 4] Created map of 16 unique (address:consolidation_key) combinations from subscriptions_redeemed
[2025-11-08 07:06:37.456 AM] [] [] [info] [CUSTOM_REPLAY_LOOP] : [STEP 4] Found 2 airdrop addresses with multiple subscriptions_nfts_final (4 total entries)
[2025-11-08 07:06:37.456 AM] [] [] [info] [CUSTOM_REPLAY_LOOP] : [STEP 4 RESULT] Found 89 subscriptions_nfts_final with transactions but missing in subscriptions_redeemed
[2025-11-08 07:06:37.456 AM] [] [] [info] [CUSTOM_REPLAY_LOOP] : [STEP 5] Processing missing redeemed entries (DRY RUN: false)
[2025-11-08 07:06:37.456 AM] [] [] [info] [CUSTOM_REPLAY_LOOP] : [STEP 5] Processing 89 subscriptions (one per missing entry)
[2025-11-08 07:06:37.460 AM] [] [] [info] [CUSTOM_REPLAY_LOOP] : [STEP 5 STATISTICS]
[2025-11-08 07:06:37.460 AM] [] [] [info] [CUSTOM_REPLAY_LOOP] :   - Entries with balance: 89
[2025-11-08 07:06:37.460 AM] [] [] [info] [CUSTOM_REPLAY_LOOP] :   - Entries WITHOUT balance: 0
[2025-11-08 07:06:37.460 AM] [] [] [info] [CUSTOM_REPLAY_LOOP] :   - Entries with enough balance (>= 0.06529): 64
[2025-11-08 07:06:37.460 AM] [] [] [info] [CUSTOM_REPLAY_LOOP] :   - Entries WITHOUT enough balance: 25
[2025-11-08 07:06:37.460 AM] [] [] [info] [CUSTOM_REPLAY_LOOP] : [STEP 5] UPDATING DATABASE (NOT DRY RUN)
[2025-11-08 07:06:37.489 AM] [] [] [info] [CUSTOM_REPLAY_LOOP] : [STEP 5] Saved redeemed subscription for consolidation_key: 0x45133db3eadd8718f5c3a868ec2f7148e460dcfd-0x6feea4b5ee60ad140a0d7b0df2d7903ae865456e-0xa711818b11bdd5797042ade80e3a59687558a4e1, address: 0xa711818b11bdd5797042ade80e3a59687558a4e1, transaction: 0x15f6413ce33bd4037624a9d8881b860629d16179efd2211184df61fbb103825d
[2025-11-08 07:06:37.505 AM] [] [] [info] [CUSTOM_REPLAY_LOOP] : [STEP 5] Saved redeemed subscription for consolidation_key: 0x37dee36d898edfac1026bec80493d3865a0707e5-0x5de26d392ea46ffc17131042e2584fe6ba46206f, address: 0x37dee36d898edfac1026bec80493d3865a0707e5, transaction: 0x15f6413ce33bd4037624a9d8881b860629d16179efd2211184df61fbb103825d
[2025-11-08 07:06:37.518 AM] [] [] [info] [CUSTOM_REPLAY_LOOP] : [STEP 5] Saved redeemed subscription for consolidation_key: 0x0220e0b5a23bf2419e643de74649a01bf77960ee-0x81974c1a09e53c5129c6e4f74e547fda0adf4d2d, address: 0x0220e0b5a23bf2419e643de74649a01bf77960ee, transaction: 0x15f6413ce33bd4037624a9d8881b860629d16179efd2211184df61fbb103825d
[2025-11-08 07:06:37.531 AM] [] [] [info] [CUSTOM_REPLAY_LOOP] : [STEP 5] Saved redeemed subscription for consolidation_key: 0x730a94e8935bf2c1c2e9ffc010cff0d4881d35df, address: 0x730a94e8935bf2c1c2e9ffc010cff0d4881d35df, transaction: 0x15f6413ce33bd4037624a9d8881b860629d16179efd2211184df61fbb103825d
[2025-11-08 07:06:37.546 AM] [] [] [info] [CUSTOM_REPLAY_LOOP] : [STEP 5] Saved redeemed subscription for consolidation_key: 0x230512379ced76d35500b03b6892a31b17de1248-0x66b280b5778c35c719209614428caddf00aaa3ce, address: 0x230512379ced76d35500b03b6892a31b17de1248, transaction: 0x15f6413ce33bd4037624a9d8881b860629d16179efd2211184df61fbb103825d
[2025-11-08 07:06:37.559 AM] [] [] [info] [CUSTOM_REPLAY_LOOP] : [STEP 5] Saved redeemed subscription for consolidation_key: 0x09fde2eda4d2bc32171ff41d7a7345ca3acd8c74-0x198c5b4dfb47549b82dfb2c36f0c98153eba006e-0xdde27b3ba448e15357183060ae006bb54ebb3d86, address: 0xdde27b3ba448e15357183060ae006bb54ebb3d86, transaction: 0x15f6413ce33bd4037624a9d8881b860629d16179efd2211184df61fbb103825d
[2025-11-08 07:06:37.573 AM] [] [] [info] [CUSTOM_REPLAY_LOOP] : [STEP 5] Saved redeemed subscription for consolidation_key: 0x47d539d4dd9b6f21ccabc5c96bbbf7071290938e-0x49126579b88fc9a6da238ce7cafcfbe24e1f9128-0xc839de0fed241607d50aa4107ae582443b906e4c, address: 0x47d539d4dd9b6f21ccabc5c96bbbf7071290938e, transaction: 0x15f6413ce33bd4037624a9d8881b860629d16179efd2211184df61fbb103825d
[2025-11-08 07:06:37.585 AM] [] [] [info] [CUSTOM_REPLAY_LOOP] : [STEP 5] Saved redeemed subscription for consolidation_key: 0x3df7131fbd4f6b27be8317c69e41817498e1bc0c-0x52cc2c8db59411310e130b47d478472d9f7e4597-0x564a8e13d7dd23d5525160d204165bdbcb69b4db, address: 0x3df7131fbd4f6b27be8317c69e41817498e1bc0c, transaction: 0x15f6413ce33bd4037624a9d8881b860629d16179efd2211184df61fbb103825d
[2025-11-08 07:06:37.596 AM] [] [] [info] [CUSTOM_REPLAY_LOOP] : [STEP 5] Saved redeemed subscription for consolidation_key: 0x72703b554a7089f93ff1fc6cc6c0e623900a7b80-0x933522fbb4c067652730bbc8e25d7820f4d72a60, address: 0x933522fbb4c067652730bbc8e25d7820f4d72a60, transaction: 0x15f6413ce33bd4037624a9d8881b860629d16179efd2211184df61fbb103825d
[2025-11-08 07:06:37.610 AM] [] [] [info] [CUSTOM_REPLAY_LOOP] : [STEP 5] Saved redeemed subscription for consolidation_key: 0x5b513d7bb62f7f28bc3aba2d52fe6167a9b3a827-0x69cb3b1de24e08f1cfc2994171b6c6930498f750-0x80a1c9fdc26199a69d190ebc8ad287ef48758977, address: 0x5b513d7bb62f7f28bc3aba2d52fe6167a9b3a827, transaction: 0x15f6413ce33bd4037624a9d8881b860629d16179efd2211184df61fbb103825d
[2025-11-08 07:06:37.623 AM] [] [] [info] [CUSTOM_REPLAY_LOOP] : [STEP 5] Saved redeemed subscription for consolidation_key: 0x4f41ee8d83473da6a735b02701a2a2b1bee3b51a-0x9e1e3857fb2484379858b9daf230379015a7a100, address: 0x4f41ee8d83473da6a735b02701a2a2b1bee3b51a, transaction: 0x15f6413ce33bd4037624a9d8881b860629d16179efd2211184df61fbb103825d
[2025-11-08 07:06:37.634 AM] [] [] [info] [CUSTOM_REPLAY_LOOP] : [STEP 5] Saved redeemed subscription for consolidation_key: 0x7d88f221e9ecef9eef118e0d0e8a47f81b37e0b6-0x86ae37857534a842ac56a4eaeaaf83d02f46d1f8, address: 0x86ae37857534a842ac56a4eaeaaf83d02f46d1f8, transaction: 0x15f6413ce33bd4037624a9d8881b860629d16179efd2211184df61fbb103825d
[2025-11-08 07:06:37.646 AM] [] [] [info] [CUSTOM_REPLAY_LOOP] : [STEP 5] Saved redeemed subscription for consolidation_key: 0x13eee41d67b8d99e11174161d72cf8ccd194458c-0x1769f56553d55cf35b143cf86cd953ee227450cd-0x33fe28a35d084ee2276715bbee126c1698a4390c, address: 0x1769f56553d55cf35b143cf86cd953ee227450cd, transaction: 0x15f6413ce33bd4037624a9d8881b860629d16179efd2211184df61fbb103825d
[2025-11-08 07:06:37.661 AM] [] [] [info] [CUSTOM_REPLAY_LOOP] : [STEP 5] Saved redeemed subscription for consolidation_key: 0x53f1b3d8990472d1adcd7b76348e5508db17cea0-0x6b159e840e28e009e930df3be6c06d1d70195cc7-0xb31a4974499daad3255206daee7d1f3595fa259e, address: 0x6b159e840e28e009e930df3be6c06d1d70195cc7, transaction: 0x15f6413ce33bd4037624a9d8881b860629d16179efd2211184df61fbb103825d
[2025-11-08 07:06:37.672 AM] [] [] [info] [CUSTOM_REPLAY_LOOP] : [STEP 5] Saved redeemed subscription for consolidation_key: 0x8b4d0402f7b2f063f255214b7095b5911a257a30, address: 0x8b4d0402f7b2f063f255214b7095b5911a257a30, transaction: 0x15f6413ce33bd4037624a9d8881b860629d16179efd2211184df61fbb103825d
[2025-11-08 07:06:37.686 AM] [] [] [info] [CUSTOM_REPLAY_LOOP] : [STEP 5] Saved redeemed subscription for consolidation_key: 0xb42ab92f5af0f162fffefa2b1e12702ce3fc9e17, address: 0xb42ab92f5af0f162fffefa2b1e12702ce3fc9e17, transaction: 0x15f6413ce33bd4037624a9d8881b860629d16179efd2211184df61fbb103825d
[2025-11-08 07:06:37.698 AM] [] [] [info] [CUSTOM_REPLAY_LOOP] : [STEP 5] Saved redeemed subscription for consolidation_key: 0x82139687faae8a29851902783e02e699de0e0846, address: 0x82139687faae8a29851902783e02e699de0e0846, transaction: 0x15f6413ce33bd4037624a9d8881b860629d16179efd2211184df61fbb103825d
[2025-11-08 07:06:37.710 AM] [] [] [info] [CUSTOM_REPLAY_LOOP] : [STEP 5] Saved redeemed subscription for consolidation_key: 0x6b6ae848f555f70944bc99d736fe29fcaecf8b23, address: 0x6b6ae848f555f70944bc99d736fe29fcaecf8b23, transaction: 0x15f6413ce33bd4037624a9d8881b860629d16179efd2211184df61fbb103825d
[2025-11-08 07:06:37.722 AM] [] [] [info] [CUSTOM_REPLAY_LOOP] : [STEP 5] Saved redeemed subscription for consolidation_key: 0x2a42cf4e1cfc33850fd8d8da24f86cd89b82ad95-0x6f566a6672f615c2975f6c48224c46153e12ffcf, address: 0x6f566a6672f615c2975f6c48224c46153e12ffcf, transaction: 0x15f6413ce33bd4037624a9d8881b860629d16179efd2211184df61fbb103825d
[2025-11-08 07:06:37.736 AM] [] [] [info] [CUSTOM_REPLAY_LOOP] : [STEP 5] Saved redeemed subscription for consolidation_key: 0x4dc2e00c88b8c9e3c2bf090d7854770640daf27f, address: 0x4dc2e00c88b8c9e3c2bf090d7854770640daf27f, transaction: 0x15f6413ce33bd4037624a9d8881b860629d16179efd2211184df61fbb103825d
[2025-11-08 07:06:37.747 AM] [] [] [info] [CUSTOM_REPLAY_LOOP] : [STEP 5] Saved redeemed subscription for consolidation_key: 0x3f07912e55e96fb0fc0cacb38e10be1d58045228-0x98004498c85c4b1997b3f669475a038bbcec2160, address: 0x98004498c85c4b1997b3f669475a038bbcec2160, transaction: 0x15f6413ce33bd4037624a9d8881b860629d16179efd2211184df61fbb103825d
[2025-11-08 07:06:37.758 AM] [] [] [info] [CUSTOM_REPLAY_LOOP] : [STEP 5] Saved redeemed subscription for consolidation_key: 0x1aae1bc09e1785c8cb00650db0c6015bd73b0c7e-0xe96ba1a10f72b58934b9ac0e3fb471d2ba65b757, address: 0xe96ba1a10f72b58934b9ac0e3fb471d2ba65b757, transaction: 0x15f6413ce33bd4037624a9d8881b860629d16179efd2211184df61fbb103825d
[2025-11-08 07:06:37.770 AM] [] [] [info] [CUSTOM_REPLAY_LOOP] : [STEP 5] Saved redeemed subscription for consolidation_key: 0xc97cfd2c3a3e61316e931b784bde21e61ce15b82, address: 0xc97cfd2c3a3e61316e931b784bde21e61ce15b82, transaction: 0x15f6413ce33bd4037624a9d8881b860629d16179efd2211184df61fbb103825d
[2025-11-08 07:06:37.782 AM] [] [] [info] [CUSTOM_REPLAY_LOOP] : [STEP 5] Saved redeemed subscription for consolidation_key: 0xdbf55298b349984a50fa98c7c6965994e30fc3f4, address: 0xdbf55298b349984a50fa98c7c6965994e30fc3f4, transaction: 0x15f6413ce33bd4037624a9d8881b860629d16179efd2211184df61fbb103825d
[2025-11-08 07:06:37.793 AM] [] [] [info] [CUSTOM_REPLAY_LOOP] : [STEP 5] Saved redeemed subscription for consolidation_key: 0x2050fae07bca13d4b7a9189032d05960680164f6-0x2793d7a12315e0db4192e4d1f73462977ad4cb86-0xfb47b2ca7df248d36cf0e4f63bfd0503c25debd4, address: 0xfb47b2ca7df248d36cf0e4f63bfd0503c25debd4, transaction: 0x15f6413ce33bd4037624a9d8881b860629d16179efd2211184df61fbb103825d
[2025-11-08 07:06:37.804 AM] [] [] [info] [CUSTOM_REPLAY_LOOP] : [STEP 5] Saved redeemed subscription for consolidation_key: 0x2df82e711d3d7986bfc4155aeffb5ee99afbd313-0xbe2ed406c4e1622cc5679d51570dbcdc7b0ca54d-0xc13d5024c2ee14c5f80847afd09275f8b550a135, address: 0xc13d5024c2ee14c5f80847afd09275f8b550a135, transaction: 0x15f6413ce33bd4037624a9d8881b860629d16179efd2211184df61fbb103825d
[2025-11-08 07:06:37.815 AM] [] [] [info] [CUSTOM_REPLAY_LOOP] : [STEP 5] Saved redeemed subscription for consolidation_key: 0x220da3fc3b905c968dfb20c81c170bc4dce56603-0xd851766378f7a0601bf44537491307050ed3a5ae, address: 0x220da3fc3b905c968dfb20c81c170bc4dce56603, transaction: 0x15f6413ce33bd4037624a9d8881b860629d16179efd2211184df61fbb103825d
[2025-11-08 07:06:37.827 AM] [] [] [info] [CUSTOM_REPLAY_LOOP] : [STEP 5] Saved redeemed subscription for consolidation_key: 0x94d25c0f01977452caf63d0ea939702cb1608ee1-0xc39fe26e4e75074114bbd4e50972cfc1a6b3c4a3, address: 0x94d25c0f01977452caf63d0ea939702cb1608ee1, transaction: 0x15f6413ce33bd4037624a9d8881b860629d16179efd2211184df61fbb103825d
[2025-11-08 07:06:37.839 AM] [] [] [info] [CUSTOM_REPLAY_LOOP] : [STEP 5] Saved redeemed subscription for consolidation_key: 0x89ecbbf60f39c8a6a345464958f88ba4d28cd37c-0xa5dce742f3775059d9406342d2ecbb0ff8e3a3c2-0xf1f476f144df01480297dca47efca565e8b0c9f1, address: 0x89ecbbf60f39c8a6a345464958f88ba4d28cd37c, transaction: 0x15f6413ce33bd4037624a9d8881b860629d16179efd2211184df61fbb103825d
[2025-11-08 07:06:37.852 AM] [] [] [info] [CUSTOM_REPLAY_LOOP] : [STEP 5] Saved redeemed subscription for consolidation_key: 0x7c8f072015d4e29c24088fe55e62381406bd71ec-0x9f6ae0370d74f0e591c64cec4a8ae0d627817014, address: 0x9f6ae0370d74f0e591c64cec4a8ae0d627817014, transaction: 0x15f6413ce33bd4037624a9d8881b860629d16179efd2211184df61fbb103825d
[2025-11-08 07:06:37.866 AM] [] [] [info] [CUSTOM_REPLAY_LOOP] : [STEP 5] Saved redeemed subscription for consolidation_key: 0xbdc29767d8bc6dd6b08d64d74c8ecf11b3f5ccf4, address: 0x43b0bd27d5016e969193412933387b0dd4cf3e0a, transaction: 0x15f6413ce33bd4037624a9d8881b860629d16179efd2211184df61fbb103825d
[2025-11-08 07:06:37.879 AM] [] [] [info] [CUSTOM_REPLAY_LOOP] : [STEP 5] Saved redeemed subscription for consolidation_key: 0x89900edbf6b88e99ad849ea34d6e3df969631380-0x974c16605e95d7c742d0a4ba79bd8e13ce4732f6-0xb775df51776d6767f8c2f5a14b667e300f60447f, address: 0x974c16605e95d7c742d0a4ba79bd8e13ce4732f6, transaction: 0x15f6413ce33bd4037624a9d8881b860629d16179efd2211184df61fbb103825d
[2025-11-08 07:06:37.888 AM] [] [] [info] [CUSTOM_REPLAY_LOOP] : [STEP 5] Saved redeemed subscription for consolidation_key: 0x0aabac1408d397e5c875a28a1c9f6d052bf54d9a-0x1e0486ee85dd758078d75c674f3d28efc4c899fc-0x8bf824d7e8a2dbbe6f47bd09721a8a3fdce09d63, address: 0x0aabac1408d397e5c875a28a1c9f6d052bf54d9a, transaction: 0x15f6413ce33bd4037624a9d8881b860629d16179efd2211184df61fbb103825d
[2025-11-08 07:06:37.904 AM] [] [] [info] [CUSTOM_REPLAY_LOOP] : [STEP 5] Saved redeemed subscription for consolidation_key: 0x4220132c9df1ab7bd2913f0fd03297c90e7cc6fe-0x7b5af6790381f932abae790e8b0d0ff50e287f8e-0xd0b53c871a4c2ab5db77ad752aa950f781021982, address: 0xd0b53c871a4c2ab5db77ad752aa950f781021982, transaction: 0x15f6413ce33bd4037624a9d8881b860629d16179efd2211184df61fbb103825d
[2025-11-08 07:06:37.918 AM] [] [] [info] [CUSTOM_REPLAY_LOOP] : [STEP 5] Saved redeemed subscription for consolidation_key: 0x087042b6e9716c2f04aaa45e48e7e87d63467184-0x997a03f7011bfee9e058e15060b20eb2e4013920-0xc02e6b0d0c1a5d8cd26beeba0fe8d76c5d2f19b9, address: 0xc02e6b0d0c1a5d8cd26beeba0fe8d76c5d2f19b9, transaction: 0x15f6413ce33bd4037624a9d8881b860629d16179efd2211184df61fbb103825d
[2025-11-08 07:06:37.929 AM] [] [] [info] [CUSTOM_REPLAY_LOOP] : [STEP 5] Saved redeemed subscription for consolidation_key: 0xd3364ea1c742cc2d396ac65e1723b8d608a939bb-0xfc0c476530d9742cb116027c04559d0dc26bbd12, address: 0xd3364ea1c742cc2d396ac65e1723b8d608a939bb, transaction: 0x15f6413ce33bd4037624a9d8881b860629d16179efd2211184df61fbb103825d
[2025-11-08 07:06:37.941 AM] [] [] [info] [CUSTOM_REPLAY_LOOP] : [STEP 5] Saved redeemed subscription for consolidation_key: 0x81a9f35c011955b7fa74295b8266011ce73242bb-0xae35daf7fb1254e85571925a1363284214775c24-0xc45920062985116eaac6589058ed337066d6f2e6, address: 0xc45920062985116eaac6589058ed337066d6f2e6, transaction: 0x15f6413ce33bd4037624a9d8881b860629d16179efd2211184df61fbb103825d
[2025-11-08 07:06:37.952 AM] [] [] [info] [CUSTOM_REPLAY_LOOP] : [STEP 5] Saved redeemed subscription for consolidation_key: 0xb9dd20e3451becb56931f9a2d10704e5fd5ab661-0xd193a7d7b231c204b76b9d638768ea602de515f6-0xebe326d8de3413f8132518dcfd45e6cbff7e5c27, address: 0xb9dd20e3451becb56931f9a2d10704e5fd5ab661, transaction: 0x15f6413ce33bd4037624a9d8881b860629d16179efd2211184df61fbb103825d
[2025-11-08 07:06:37.965 AM] [] [] [info] [CUSTOM_REPLAY_LOOP] : [STEP 5] Saved redeemed subscription for consolidation_key: 0x2a87046ba5fc27b8630fd6e46b953c8523e81345-0x69139b8abf2589b560bf0ae65ba7bf61f03dbe9e-0x7a08e0799c228fbe8ba00a4583157eb7014a20e5, address: 0x69139b8abf2589b560bf0ae65ba7bf61f03dbe9e, transaction: 0x15f6413ce33bd4037624a9d8881b860629d16179efd2211184df61fbb103825d
[2025-11-08 07:06:37.977 AM] [] [] [info] [CUSTOM_REPLAY_LOOP] : [STEP 5] Saved redeemed subscription for consolidation_key: 0x7c76cf8894d42ed11b53236da54f05add1d44073-0xda714bfafbc2b139bf6e91d9809fac5a104a9798, address: 0x7c76cf8894d42ed11b53236da54f05add1d44073, transaction: 0x15f6413ce33bd4037624a9d8881b860629d16179efd2211184df61fbb103825d
[2025-11-08 07:06:37.990 AM] [] [] [info] [CUSTOM_REPLAY_LOOP] : [STEP 5] Saved redeemed subscription for consolidation_key: 0x319af5203839970ccb04d2eda95c427941c498ae-0x48464efe55fbcae8ae0c992b306afcf21d4910cf, address: 0x48464efe55fbcae8ae0c992b306afcf21d4910cf, transaction: 0x15f6413ce33bd4037624a9d8881b860629d16179efd2211184df61fbb103825d
[2025-11-08 07:06:38.001 AM] [] [] [info] [CUSTOM_REPLAY_LOOP] : [STEP 5] Saved redeemed subscription for consolidation_key: 0xde112b77a1a72c726d8c914c23dceaa53273c351, address: 0x027050e062ab1a7695e2b4ac3b7efa0d251d3d09, transaction: 0x15f6413ce33bd4037624a9d8881b860629d16179efd2211184df61fbb103825d
[2025-11-08 07:06:38.014 AM] [] [] [info] [CUSTOM_REPLAY_LOOP] : [STEP 5] Saved redeemed subscription for consolidation_key: 0x2a8299aa3a8b4e615eb32d99fcc0c196f6f0983f-0x2aceb0553991e68854ae02075c8b09c8e2d33a3d, address: 0x2a8299aa3a8b4e615eb32d99fcc0c196f6f0983f, transaction: 0x15f6413ce33bd4037624a9d8881b860629d16179efd2211184df61fbb103825d
[2025-11-08 07:06:38.025 AM] [] [] [info] [CUSTOM_REPLAY_LOOP] : [STEP 5] Saved redeemed subscription for consolidation_key: 0x13928eb9a86c8278a45b6ff2935c7730b58ac675, address: 0x13928eb9a86c8278a45b6ff2935c7730b58ac675, transaction: 0x15f6413ce33bd4037624a9d8881b860629d16179efd2211184df61fbb103825d
[2025-11-08 07:06:38.038 AM] [] [] [info] [CUSTOM_REPLAY_LOOP] : [STEP 5] Saved redeemed subscription for consolidation_key: 0x8da288c9fdaa754f2eeadf8145222bd1cc8782ff-0x8e8f3e4891f87c42b6f512b38be9bc7583198b3e, address: 0x8da288c9fdaa754f2eeadf8145222bd1cc8782ff, transaction: 0x15f6413ce33bd4037624a9d8881b860629d16179efd2211184df61fbb103825d
[2025-11-08 07:06:38.050 AM] [] [] [info] [CUSTOM_REPLAY_LOOP] : [STEP 5] Saved redeemed subscription for consolidation_key: 0xeecc9f94c674161e84ab0c60c020432ea8f88bc0, address: 0xeecc9f94c674161e84ab0c60c020432ea8f88bc0, transaction: 0x15f6413ce33bd4037624a9d8881b860629d16179efd2211184df61fbb103825d
[2025-11-08 07:06:38.061 AM] [] [] [info] [CUSTOM_REPLAY_LOOP] : [STEP 5] Saved redeemed subscription for consolidation_key: 0x1fd7ba908acac59631bcbd4f808dd6d68a403ae6-0x5eeeb64d0e697a60e6dacd7ad9a16a6bdd5560e2, address: 0x1fd7ba908acac59631bcbd4f808dd6d68a403ae6, transaction: 0x15f6413ce33bd4037624a9d8881b860629d16179efd2211184df61fbb103825d
[2025-11-08 07:06:38.070 AM] [] [] [info] [CUSTOM_REPLAY_LOOP] : [STEP 5] Saved redeemed subscription for consolidation_key: 0x784410f5abfa8f5a66902e62c3afe1141db119ab-0xb08f95dbc639621dbaf48a472ae8fce0f6f56a6e, address: 0x784410f5abfa8f5a66902e62c3afe1141db119ab, transaction: 0x15f6413ce33bd4037624a9d8881b860629d16179efd2211184df61fbb103825d
[2025-11-08 07:06:38.079 AM] [] [] [info] [CUSTOM_REPLAY_LOOP] : [STEP 5] Saved redeemed subscription for consolidation_key: 0x5df5342342701b8ae5bce28f74ebb73b5fc13a54-0xe9b5a2529ad21454cb5e4d172dcb4bc501789463, address: 0x5df5342342701b8ae5bce28f74ebb73b5fc13a54, transaction: 0x15f6413ce33bd4037624a9d8881b860629d16179efd2211184df61fbb103825d
[2025-11-08 07:06:38.090 AM] [] [] [info] [CUSTOM_REPLAY_LOOP] : [STEP 5] Saved redeemed subscription for consolidation_key: 0x72c95a7580c7f842fb30823b8a8c82a4961e144a-0xf36796fc4f8fee589ff959264c9e99ca37a1b659, address: 0x72c95a7580c7f842fb30823b8a8c82a4961e144a, transaction: 0x15f6413ce33bd4037624a9d8881b860629d16179efd2211184df61fbb103825d
[2025-11-08 07:06:38.101 AM] [] [] [info] [CUSTOM_REPLAY_LOOP] : [STEP 5] Saved redeemed subscription for consolidation_key: 0x0140a99a1d661d9969511b688a53b158d2546c22, address: 0x0140a99a1d661d9969511b688a53b158d2546c22, transaction: 0x15f6413ce33bd4037624a9d8881b860629d16179efd2211184df61fbb103825d
[2025-11-08 07:06:38.111 AM] [] [] [info] [CUSTOM_REPLAY_LOOP] : [STEP 5] Saved redeemed subscription for consolidation_key: 0x2d13c884c4c418664abb1b4a7f491dd89247e42e-0xa819ef2c3ac05b59b0a2eaa8efe60eb758445cdb-0xd1f6e5592361257aef68b96df42aef064080c5cc, address: 0xd1f6e5592361257aef68b96df42aef064080c5cc, transaction: 0x15f6413ce33bd4037624a9d8881b860629d16179efd2211184df61fbb103825d
[2025-11-08 07:06:38.122 AM] [] [] [info] [CUSTOM_REPLAY_LOOP] : [STEP 5] Saved redeemed subscription for consolidation_key: 0x436e7224344dfda1849e6262b8c3e9a7437727a1-0xa39492086042ffd52a4cfe672e402413c93a580d-0xb7fab921a32d6d4a8b4eb0c35544cec37fbc6fea, address: 0xb7fab921a32d6d4a8b4eb0c35544cec37fbc6fea, transaction: 0x15f6413ce33bd4037624a9d8881b860629d16179efd2211184df61fbb103825d
[2025-11-08 07:06:38.133 AM] [] [] [info] [CUSTOM_REPLAY_LOOP] : [STEP 5] Saved redeemed subscription for consolidation_key: 0xb109581a2a1198c918e7548282659c1f5f1d394f-0xc5e615b39de5e528458094d476fd6708c2793e4a, address: 0xb109581a2a1198c918e7548282659c1f5f1d394f, transaction: 0x15f6413ce33bd4037624a9d8881b860629d16179efd2211184df61fbb103825d
[2025-11-08 07:06:38.147 AM] [] [] [info] [CUSTOM_REPLAY_LOOP] : [STEP 5] Saved redeemed subscription for consolidation_key: 0xb22fcb2dd68512e65e26bad1240368475604293c-0xee91d62eb5aaea933efbfd0790613af5db305006, address: 0xee91d62eb5aaea933efbfd0790613af5db305006, transaction: 0x15f6413ce33bd4037624a9d8881b860629d16179efd2211184df61fbb103825d
[2025-11-08 07:06:38.159 AM] [] [] [info] [CUSTOM_REPLAY_LOOP] : [STEP 5] Saved redeemed subscription for consolidation_key: 0x85603a042455d2f36f3ec52c1c756344aa70c5ef-0xcaa1c396e70384db58dd33be74b26fb119e98c3a-0xd249478a72535d50668af5d9d966eb9525e73192, address: 0xd249478a72535d50668af5d9d966eb9525e73192, transaction: 0x15f6413ce33bd4037624a9d8881b860629d16179efd2211184df61fbb103825d
[2025-11-08 07:06:38.172 AM] [] [] [info] [CUSTOM_REPLAY_LOOP] : [STEP 5] Saved redeemed subscription for consolidation_key: 0x3e86651cad81c7c288874b05d075d2685dafb7fd-0xed9e60c3a390a995759b9ee3b623094bc8fddea1, address: 0xed9e60c3a390a995759b9ee3b623094bc8fddea1, transaction: 0x15f6413ce33bd4037624a9d8881b860629d16179efd2211184df61fbb103825d
[2025-11-08 07:06:38.184 AM] [] [] [info] [CUSTOM_REPLAY_LOOP] : [STEP 5] Saved redeemed subscription for consolidation_key: 0x1b4862f983aa573518b612f1bb1579f4b02796cb, address: 0x1b4862f983aa573518b612f1bb1579f4b02796cb, transaction: 0x15f6413ce33bd4037624a9d8881b860629d16179efd2211184df61fbb103825d
[2025-11-08 07:06:38.193 AM] [] [] [info] [CUSTOM_REPLAY_LOOP] : [STEP 5] Saved redeemed subscription for consolidation_key: 0x2801dc73a6dcefb364b959606e0c61234105fd5a-0x6f8f3f5463f9e4fc802687acdccbf4ea358ef5fb, address: 0x6f8f3f5463f9e4fc802687acdccbf4ea358ef5fb, transaction: 0x15f6413ce33bd4037624a9d8881b860629d16179efd2211184df61fbb103825d
[2025-11-08 07:06:38.206 AM] [] [] [info] [CUSTOM_REPLAY_LOOP] : [STEP 5] Saved redeemed subscription for consolidation_key: 0x62f409a9ba3cfdaab034e97fb9c86bf5b21fa2d1, address: 0x77137251eab1b45f6a989289d78dbe8b80c80737, transaction: 0x15f6413ce33bd4037624a9d8881b860629d16179efd2211184df61fbb103825d
[2025-11-08 07:06:38.216 AM] [] [] [info] [CUSTOM_REPLAY_LOOP] : [STEP 5] Saved redeemed subscription for consolidation_key: 0x49ca963ef75bceba8e4a5f4ceab5fd326bef6123, address: 0x49ca963ef75bceba8e4a5f4ceab5fd326bef6123, transaction: 0x15f6413ce33bd4037624a9d8881b860629d16179efd2211184df61fbb103825d
[2025-11-08 07:06:38.228 AM] [] [] [info] [CUSTOM_REPLAY_LOOP] : [STEP 5] Saved redeemed subscription for consolidation_key: 0x8da009567c4372998fef2cd3d4e7e88112839937-0xbcc15058840145ae2fe556f6b68a065c08c9ac0c, address: 0xbcc15058840145ae2fe556f6b68a065c08c9ac0c, transaction: 0x15f6413ce33bd4037624a9d8881b860629d16179efd2211184df61fbb103825d
[2025-11-08 07:06:38.240 AM] [] [] [info] [CUSTOM_REPLAY_LOOP] : [STEP 5] Saved redeemed subscription for consolidation_key: 0x5c5edb285b7451b2155ec13c5d2eaff2ec6779ca-0xc147faf0120101d8c4d41a4d81ee5276b8d24cdc, address: 0x5c5edb285b7451b2155ec13c5d2eaff2ec6779ca, transaction: 0x15f6413ce33bd4037624a9d8881b860629d16179efd2211184df61fbb103825d
[2025-11-08 07:06:38.252 AM] [] [] [info] [CUSTOM_REPLAY_LOOP] : [STEP 5] Saved redeemed subscription for consolidation_key: 0xe6fa09f8c8ac77420248ebcc73de20c647c47e3e, address: 0xe6fa09f8c8ac77420248ebcc73de20c647c47e3e, transaction: 0x15f6413ce33bd4037624a9d8881b860629d16179efd2211184df61fbb103825d
[2025-11-08 07:06:38.263 AM] [] [] [info] [CUSTOM_REPLAY_LOOP] : [STEP 5] Saved redeemed subscription for consolidation_key: 0x6d1db4a7e83dae0eee7e95d421722d46d2a7e94b-0xb2d866297dbc7c7d8ad045c05afb48a95f28fb3c, address: 0xb2d866297dbc7c7d8ad045c05afb48a95f28fb3c, transaction: 0x15f6413ce33bd4037624a9d8881b860629d16179efd2211184df61fbb103825d
[2025-11-08 07:06:38.277 AM] [] [] [info] [CUSTOM_REPLAY_LOOP] : [STEP 5] Saved redeemed subscription for consolidation_key: 0x12cd871105b29760a61f56753d54a59381f5bcc6-0x8dbbca57ea56290efa14d835bbfd34faf1d89753, address: 0x12cd871105b29760a61f56753d54a59381f5bcc6, transaction: 0x15f6413ce33bd4037624a9d8881b860629d16179efd2211184df61fbb103825d
[2025-11-08 07:06:38.289 AM] [] [] [info] [CUSTOM_REPLAY_LOOP] : [STEP 5] Saved redeemed subscription for consolidation_key: 0x0c844ba95ee1d4a7c54ef35435775e2d5bd2a3d6-0xf1a17ba0d48798a3cc2bab1fb3cac942c4d6817b, address: 0xf1a17ba0d48798a3cc2bab1fb3cac942c4d6817b, transaction: 0x15f6413ce33bd4037624a9d8881b860629d16179efd2211184df61fbb103825d
[2025-11-08 07:06:38.302 AM] [] [] [info] [CUSTOM_REPLAY_LOOP] : [STEP 5] Saved redeemed subscription for consolidation_key: 0xa3658a013c223fa60989f057a3d0a1153f88b0c2, address: 0xa3658a013c223fa60989f057a3d0a1153f88b0c2, transaction: 0x15f6413ce33bd4037624a9d8881b860629d16179efd2211184df61fbb103825d
[2025-11-08 07:06:38.313 AM] [] [] [info] [CUSTOM_REPLAY_LOOP] : [STEP 5] Saved redeemed subscription for consolidation_key: 0x5d2c9691e81afe76af2aa39cfaac400e541bfdd2, address: 0x5d2c9691e81afe76af2aa39cfaac400e541bfdd2, transaction: 0x15f6413ce33bd4037624a9d8881b860629d16179efd2211184df61fbb103825d
[2025-11-08 07:06:38.324 AM] [] [] [info] [CUSTOM_REPLAY_LOOP] : [STEP 5] Saved redeemed subscription for consolidation_key: 0x2fe1d312920f7620e47daf0d1392ee3d3fc3c027-0x9fca5cb296333aa780d3367951f766ab3d7d4098, address: 0x2fe1d312920f7620e47daf0d1392ee3d3fc3c027, transaction: 0x15f6413ce33bd4037624a9d8881b860629d16179efd2211184df61fbb103825d
[2025-11-08 07:06:38.336 AM] [] [] [info] [CUSTOM_REPLAY_LOOP] : [STEP 5] Saved redeemed subscription for consolidation_key: 0x61b04d2b5cb1f1f8505e7b4e1cb3d9e8a0b15bae, address: 0x61b04d2b5cb1f1f8505e7b4e1cb3d9e8a0b15bae, transaction: 0x15f6413ce33bd4037624a9d8881b860629d16179efd2211184df61fbb103825d
[2025-11-08 07:06:38.348 AM] [] [] [info] [CUSTOM_REPLAY_LOOP] : [STEP 5] Saved redeemed subscription for consolidation_key: 0xc770488a72a7395c35ac04e0ced077c5a0ec2c60, address: 0xc770488a72a7395c35ac04e0ced077c5a0ec2c60, transaction: 0x15f6413ce33bd4037624a9d8881b860629d16179efd2211184df61fbb103825d
[2025-11-08 07:06:38.360 AM] [] [] [info] [CUSTOM_REPLAY_LOOP] : [STEP 5] Saved redeemed subscription for consolidation_key: 0x89d53e8612e8416bf960dc9444ce0e2a0878a582-0xf85d8406acbaca3c3e69b2fefaeeb050c427337b, address: 0x89d53e8612e8416bf960dc9444ce0e2a0878a582, transaction: 0x15f6413ce33bd4037624a9d8881b860629d16179efd2211184df61fbb103825d
[2025-11-08 07:06:38.372 AM] [] [] [info] [CUSTOM_REPLAY_LOOP] : [STEP 5] Saved redeemed subscription for consolidation_key: 0x0ca4dc095608c6b153019f734106581c85f2dcc3-0x149157a39b5966410e018c97107c641951e72ddb, address: 0x01f4ab9ccf822e74cd514b1fc16068e749d37b1c, transaction: 0x15f6413ce33bd4037624a9d8881b860629d16179efd2211184df61fbb103825d
[2025-11-08 07:06:38.384 AM] [] [] [info] [CUSTOM_REPLAY_LOOP] : [STEP 5] Saved redeemed subscription for consolidation_key: 0x28c43511940384531bf45cdb9979af1fd4eea8d1, address: 0x28c43511940384531bf45cdb9979af1fd4eea8d1, transaction: 0x15f6413ce33bd4037624a9d8881b860629d16179efd2211184df61fbb103825d
[2025-11-08 07:06:38.394 AM] [] [] [info] [CUSTOM_REPLAY_LOOP] : [STEP 5] Saved redeemed subscription for consolidation_key: 0x33f99cd0e3c56a6852d4627455296f30f2851772-0x9c31f5112faa5f8996562e2a2139988e3db63063, address: 0x9c31f5112faa5f8996562e2a2139988e3db63063, transaction: 0x15f6413ce33bd4037624a9d8881b860629d16179efd2211184df61fbb103825d
[2025-11-08 07:06:38.405 AM] [] [] [info] [CUSTOM_REPLAY_LOOP] : [STEP 5] Saved redeemed subscription for consolidation_key: 0x08f1f3669598eeb0e8a63fa73480d1e023c30afd-0x883b2c11dc5ce8bd77e8fd6f247fb19e689eb9a1-0xff4f0dbc9ee7583c0c61c7333a5daf8d0ab4aeb3, address: 0xff4f0dbc9ee7583c0c61c7333a5daf8d0ab4aeb3, transaction: 0x15f6413ce33bd4037624a9d8881b860629d16179efd2211184df61fbb103825d
[2025-11-08 07:06:38.415 AM] [] [] [info] [CUSTOM_REPLAY_LOOP] : [STEP 5] Saved redeemed subscription for consolidation_key: 0x09bc641b6fa2308b030c312653f9675dfaa58e2b, address: 0x09bc641b6fa2308b030c312653f9675dfaa58e2b, transaction: 0x15f6413ce33bd4037624a9d8881b860629d16179efd2211184df61fbb103825d
[2025-11-08 07:06:38.429 AM] [] [] [info] [CUSTOM_REPLAY_LOOP] : [STEP 5] Saved redeemed subscription for consolidation_key: 0x301e2d2a98c5873ac27fd9eae85f0153959100fa-0xb6c4ce4eae85066f8fc45093d12444c8b89a6aa9, address: 0xb6c4ce4eae85066f8fc45093d12444c8b89a6aa9, transaction: 0x15f6413ce33bd4037624a9d8881b860629d16179efd2211184df61fbb103825d
[2025-11-08 07:06:38.442 AM] [] [] [info] [CUSTOM_REPLAY_LOOP] : [STEP 5] Saved redeemed subscription for consolidation_key: 0xc837d4986b23f96f8d758bbedf07c1d25ff83b19-0xe39ad57a33244300c2e0acfca24292434e2b9bae, address: 0xc837d4986b23f96f8d758bbedf07c1d25ff83b19, transaction: 0x15f6413ce33bd4037624a9d8881b860629d16179efd2211184df61fbb103825d
[2025-11-08 07:06:38.453 AM] [] [] [info] [CUSTOM_REPLAY_LOOP] : [STEP 5] Saved redeemed subscription for consolidation_key: 0x2f0df01fe8aa5a257c466fbfa2a5b73c14c0e976-0x7499003740393bec0ece8745e099c2eb3f59dc9d-0xb692704d590e224c67fa96830c4b2526fccaf3a3, address: 0xb692704d590e224c67fa96830c4b2526fccaf3a3, transaction: 0x15f6413ce33bd4037624a9d8881b860629d16179efd2211184df61fbb103825d
[2025-11-08 07:06:38.464 AM] [] [] [info] [CUSTOM_REPLAY_LOOP] : [STEP 5] Saved redeemed subscription for consolidation_key: 0x30dd5f35429c7df83cc8247ecf627826ca5dbe5a-0x380c0eff03a7d253e838d434e06387f10c696b33, address: 0x380c0eff03a7d253e838d434e06387f10c696b33, transaction: 0x15f6413ce33bd4037624a9d8881b860629d16179efd2211184df61fbb103825d
[2025-11-08 07:06:38.479 AM] [] [] [info] [CUSTOM_REPLAY_LOOP] : [STEP 5] Saved redeemed subscription for consolidation_key: 0x0064f02799ea7748a9b51b5e78bcd274d9e7d0a1-0x3167b9eb4392e5007ddf5a3df95ed9d7966cdc04-0xc4e8b752c53df925013e03fe4d2273a8ccb6c545, address: 0xc4e8b752c53df925013e03fe4d2273a8ccb6c545, transaction: 0x15f6413ce33bd4037624a9d8881b860629d16179efd2211184df61fbb103825d
[2025-11-08 07:06:38.491 AM] [] [] [info] [CUSTOM_REPLAY_LOOP] : [STEP 5] Saved redeemed subscription for consolidation_key: 0x3e1ffa5f95dd6218ec4955216e3df532385c0e2d-0x9e86d23e79d3271600e4a6f2b43d50d790434b83, address: 0x3e1ffa5f95dd6218ec4955216e3df532385c0e2d, transaction: 0x15f6413ce33bd4037624a9d8881b860629d16179efd2211184df61fbb103825d
[2025-11-08 07:06:38.504 AM] [] [] [info] [CUSTOM_REPLAY_LOOP] : [STEP 5] Saved redeemed subscription for consolidation_key: 0xad3b162277294d5d68e3d2388ce1a2f2ac9187ab-0xd30b6d373114377fab79f70a8bdd558c6cb34ee2, address: 0xd30b6d373114377fab79f70a8bdd558c6cb34ee2, transaction: 0x15f6413ce33bd4037624a9d8881b860629d16179efd2211184df61fbb103825d
[2025-11-08 07:06:38.519 AM] [] [] [info] [CUSTOM_REPLAY_LOOP] : [STEP 5] Saved redeemed subscription for consolidation_key: 0x3209d72c67cb31aadc413dc0e4f5f523d90db6a1-0x41146e2b9dfdfc47724a20cb86a15dc206c97e44-0xe874ba46982d7cbab5931a50c2dc81a7aeb80344, address: 0x41146e2b9dfdfc47724a20cb86a15dc206c97e44, transaction: 0x15f6413ce33bd4037624a9d8881b860629d16179efd2211184df61fbb103825d
[2025-11-08 07:06:38.530 AM] [] [] [info] [CUSTOM_REPLAY_LOOP] : [STEP 5] Saved redeemed subscription for consolidation_key: 0xbce9a7d8be471c2e58538a200814f6089f935399, address: 0xbbfca4971060891d5dc25f53634e20f7e035cdc8, transaction: 0x15f6413ce33bd4037624a9d8881b860629d16179efd2211184df61fbb103825d
[2025-11-08 07:06:38.543 AM] [] [] [info] [CUSTOM_REPLAY_LOOP] : [STEP 5] Saved redeemed subscription for consolidation_key: 0x91ff59d038c28edd0ec8ca7a667ee26d225d26a1-0xf84408070b4de16d6bb0ab2fd8b19d37e3fd1422, address: 0xf84408070b4de16d6bb0ab2fd8b19d37e3fd1422, transaction: 0x15f6413ce33bd4037624a9d8881b860629d16179efd2211184df61fbb103825d
[2025-11-08 07:06:38.554 AM] [] [] [info] [CUSTOM_REPLAY_LOOP] : [STEP 5] Saved redeemed subscription for consolidation_key: 0x9eb69d42dc42c0b20bc93caf1a15a92afa5c4569-0xa008bbbf99a8901cc9c27217f666dd6abdffdb99, address: 0x9eb69d42dc42c0b20bc93caf1a15a92afa5c4569, transaction: 0x15f6413ce33bd4037624a9d8881b860629d16179efd2211184df61fbb103825d
[2025-11-08 07:06:38.559 AM] [] [] [info] [CUSTOM_REPLAY_LOOP] : [STEP 5 RESULT] Processed 89 transactions, skipped 0 transactions
[2025-11-08 07:06:38.563 AM] [] [] [info] [CUSTOM_REPLAY_LOOP] : [SUMMARY]
[2025-11-08 07:06:38.563 AM] [] [] [info] [CUSTOM_REPLAY_LOOP] :   - Total subscriptions_nfts_final: 105
[2025-11-08 07:06:38.563 AM] [] [] [info] [CUSTOM_REPLAY_LOOP] :   - Total airdrop transactions found: 105
[2025-11-08 07:06:38.563 AM] [] [] [info] [CUSTOM_REPLAY_LOOP] :   - Total subscriptions_redeemed: 16
[2025-11-08 07:06:38.563 AM] [] [] [info] [CUSTOM_REPLAY_LOOP] :   - subscriptions_nfts_final with transactions: 105
[2025-11-08 07:06:38.563 AM] [] [] [info] [CUSTOM_REPLAY_LOOP] :   - Missing subscriptions_redeemed: 89
[2025-11-08 07:06:38.563 AM] [] [] [info] [CUSTOM_REPLAY_LOOP] : [REPLAY COMPLETE]
[2025-11-08 07:06:38.563 AM] [] [] [info] [CUSTOM_REPLAY_LOOP] : [FINISHED IN 1s 211ms]